[file normal] 00:43:28 tool.go:59: file opened: ./log/sys.log
[file normal] 00:43:28 tool.go:59: file opened: ./log/register.log
[file normal] 00:43:28 tool.go:59: file opened: ./log/login.log
[file normal] 00:43:28 tool.go:59: file opened: ./resources/user.json
[file normal] 00:43:39 tool.go:58: file opened: ./log/sys.log
[file normal] 00:43:39 tool.go:58: file opened: ./log/register.log
[file normal] 00:43:39 tool.go:58: file opened: ./log/login.log
[file normal] 00:43:39 tool.go:58: file opened: ./resources/user.json
[file normal] 00:43:52 tool.go:58: file opened: ./log/sys.log
[file normal] 00:43:52 tool.go:58: file opened: ./log/register.log
[file normal] 00:43:52 tool.go:58: file opened: ./log/login.log
[file normal] 00:43:52 tool.go:58: file opened: ./resources/user.json
[file normal] 00:43:52 tool.go:58: file opened: ./resources/userT1.json
[file normal] 00:44:15 tool.go:58: file opened: ./log/sys.log
[file normal] 00:44:15 tool.go:58: file opened: ./log/register.log
[file normal] 00:44:28 tool.go:58: file opened: ./log/sys.log
[file normal] 00:44:28 tool.go:58: file opened: ./log/register.log
[file normal] 00:44:28 tool.go:58: file opened: ./log/login.log
[file normal] 00:44:28 tool.go:58: file opened: ./resources/user.json
[file normal] 00:44:28 tool.go:58: file opened: ./resources/userT1.json
[file normal] 00:44:28 tool.go:58: file opened: ./log/userT1_l.log
[file normal] 00:44:47 tool.go:58: file opened: ./log/sys.log
[file normal] 00:44:47 tool.go:58: file opened: ./log/register.log
[file normal] 00:44:47 tool.go:58: file opened: ./log/login.log
[file normal] 00:44:47 tool.go:58: file opened: ./resources/user.json
[file normal] 00:46:21 tool.go:58: file opened: ./log/sys.log
[file normal] 00:46:21 tool.go:58: file opened: ./log/register.log
[file normal] 00:46:21 tool.go:58: file opened: ./log/login.log
[file normal] 00:46:21 tool.go:58: file opened: ./resources/user.json
[file normal] 00:46:21 tool.go:58: file opened: ./resources/userT1.json
[file normal] 00:46:34 tool.go:58: file opened: ./log/sys.log
